This file contains any messages produced by compilers while
running configure, to aid debugging if configure makes a mistake.

It was created by CRC configure 1.0, which was
generated by GNU Autoconf 2.69.  Invocation command line was

  $ /home/gustavo/eclipse-workspace/CRC/configure 

## --------- ##
## Platform. ##
## --------- ##

hostname = gustavo-Inspiron-7460
uname -m = x86_64
uname -r = 5.6.17-050617-generic
uname -s = Linux
uname -v = #202006071230 SMP Sun Jun 7 12:35:03 UTC 2020

/usr/bin/uname -p = x86_64
/bin/uname -X     = unknown

/bin/arch              = x86_64
/usr/bin/arch -k       = unknown
/usr/convex/getsysinfo = unknown
/usr/bin/hostinfo      = unknown
/bin/machine           = unknown
/usr/bin/oslevel       = unknown
/bin/universe          = unknown

PATH: /home/gustavo/.cargo/bin
PATH: /home/gustavo/.local/bin
PATH: /home/gustavo/bin
PATH: /usr/local/sbin
PATH: /usr/local/bin
PATH: /usr/sbin
PATH: /usr/bin
PATH: /sbin
PATH: /bin
PATH: /usr/games
PATH: /usr/local/games
PATH: /snap/bin
PATH: /usr/lib/jvm/java-15-oracle/bin
PATH: /usr/lib/jvm/java-15-oracle/db/bin


## ----------- ##
## Core tests. ##
## ----------- ##

configure:1843: checking build system type
configure:1857: result: x86_64-pc-linux-gnu
configure:1877: checking host system type
configure:1890: result: x86_64-pc-linux-gnu
configure:1910: checking target system type
configure:1923: result: x86_64-pc-linux-gnu
configure:1966: checking for a BSD-compatible install
configure:2034: result: /usr/bin/install -c
configure:2045: checking whether build environment is sane
configure:2100: result: yes
configure:2249: checking for a thread-safe mkdir -p
configure:2288: result: /usr/bin/mkdir -p
configure:2295: checking for gawk
configure:2311: found /usr/bin/gawk
configure:2322: result: gawk
configure:2333: checking whether make sets $(MAKE)
configure:2355: result: yes
configure:2384: checking whether make supports nested variables
configure:2401: result: yes
configure:2576: checking for gcc
configure:2592: found /usr/bin/gcc
configure:2603: result: gcc
configure:2832: checking for C compiler version
configure:2841: gcc --version >&5
gcc (Ubuntu 9.3.0-17ubuntu1~20.04) 9.3.0
Copyright (C) 2019 Free Software Foundation, Inc.
This is free software; see the source for copying conditions.  There is NO
warranty; not even for MERCHANTABILITY or FITNESS FOR A PARTICULAR PURPOSE.

configure:2852: $? = 0
configure:2841: gcc -v >&5
Using built-in specs.
COLLECT_GCC=gcc
COLLECT_LTO_WRAPPER=/usr/lib/gcc/x86_64-linux-gnu/9/lto-wrapper
OFFLOAD_TARGET_NAMES=nvptx-none:hsa
OFFLOAD_TARGET_DEFAULT=1
Target: x86_64-linux-gnu
Configured with: ../src/configure -v --with-pkgversion='Ubuntu 9.3.0-17ubuntu1~20.04' --with-bugurl=file:///usr/share/doc/gcc-9/README.Bugs --enable-languages=c,ada,c++,go,brig,d,fortran,objc,obj-c++,gm2 --prefix=/usr --with-gcc-major-version-only --program-suffix=-9 --program-prefix=x86_64-linux-gnu- --enable-shared --enable-linker-build-id --libexecdir=/usr/lib --without-included-gettext --enable-threads=posix --libdir=/usr/lib --enable-nls --enable-clocale=gnu --enable-libstdcxx-debug --enable-libstdcxx-time=yes --with-default-libstdcxx-abi=new --enable-gnu-unique-object --disable-vtable-verify --enable-plugin --enable-default-pie --with-system-zlib --with-target-system-zlib=auto --enable-objc-gc=auto --enable-multiarch --disable-werror --with-arch-32=i686 --with-abi=m64 --with-multilib-list=m32,m64,mx32 --enable-multilib --with-tune=generic --enable-offload-targets=nvptx-none=/build/gcc-9-HskZEa/gcc-9-9.3.0/debian/tmp-nvptx/usr,hsa --without-cuda-driver --enable-checking=release --build=x86_64-linux-gnu --host=x86_64-linux-gnu --target=x86_64-linux-gnu
Thread model: posix
gcc version 9.3.0 (Ubuntu 9.3.0-17ubuntu1~20.04) 
configure:2852: $? = 0
configure:2841: gcc -V >&5
gcc: error: unrecognized command line option '-V'
gcc: fatal error: no input files
compilation terminated.
configure:2852: $? = 1
configure:2841: gcc -qversion >&5
gcc: error: unrecognized command line option '-qversion'; did you mean '--version'?
gcc: fatal error: no input files
compilation terminated.
configure:2852: $? = 1
configure:2872: checking whether the C compiler works
configure:2894: gcc    conftest.c  >&5
configure:2898: $? = 0
configure:2946: result: yes
configure:2949: checking for C compiler default output file name
configure:2951: result: a.out
configure:2957: checking for suffix of executables
configure:2964: gcc -o conftest    conftest.c  >&5
configure:2968: $? = 0
configure:2990: result: 
configure:3012: checking whether we are cross compiling
configure:3020: gcc -o conftest    conftest.c  >&5
configure:3024: $? = 0
configure:3031: ./conftest
configure:3035: $? = 0
configure:3023: result: no
configure:3028: checking for suffix of object files
configure:3050: gcc -c   conftest.c >&5
configure:3054: $? = 0
configure:3075: result: o
configure:3079: checking whether we are using the GNU C compiler
configure:3098: gcc -c   conftest.c >&5
configure:3098: $? = 0
configure:3107: result: yes
configure:3116: checking whether gcc accepts -g
configure:3136: gcc -c -g  conftest.c >&5
configure:3136: $? = 0
configure:3177: result: yes
configure:3194: checking for gcc option to accept ISO C89
configure:3257: gcc  -c -g -O2  conftest.c >&5
configure:3257: $? = 0
configure:3270: result: none needed
configure:3295: checking whether gcc understands -c and -o together
configure:3317: gcc -c conftest.c -o conftest2.o
configure:3320: $? = 0
configure:3317: gcc -c conftest.c -o conftest2.o
configure:3320: $? = 0
configure:3332: result: yes
configure:3352: checking whether make supports the include directive
configure:3367: make -f confmf.GNU && cat confinc.out
this is the am__doit target
configure:3370: $? = 0
configure:3389: result: yes (GNU style)
configure:3414: checking dependency style of gcc
configure:3525: result: gcc3
configure:3680: checking that generated files are newer than configure
configure:3686: result: done
configure:3709: creating ./config.status

## ---------------------- ##
## Running config.status. ##
## ---------------------- ##

This file was extended by CRC config.status 1.0, which was
generated by GNU Autoconf 2.69.  Invocation command line was

  CONFIG_FILES    = 
  CONFIG_HEADERS  = 
  CONFIG_LINKS    = 
  CONFIG_COMMANDS = 
  $ ./config.status 

on gustavo-Inspiron-7460

config.status:782: creating Makefile
config.status:782: creating src/Makefile
config.status:954: executing depfiles commands
config.status:1031: cd src       && sed -e '/# am--include-marker/d' Makefile         | make -f - am--depfiles
config.status:1036: $? = 0

## ---------------- ##
## Cache variables. ##
## ---------------- ##

ac_cv_build=x86_64-pc-linux-gnu
ac_cv_c_compiler_gnu=yes
ac_cv_env_CC_set=
ac_cv_env_CC_value=
ac_cv_env_CFLAGS_set=
ac_cv_env_CFLAGS_value=
ac_cv_env_CPPFLAGS_set=
ac_cv_env_CPPFLAGS_value=
ac_cv_env_LDFLAGS_set=
ac_cv_env_LDFLAGS_value=
ac_cv_env_LIBS_set=
ac_cv_env_LIBS_value=
ac_cv_env_build_alias_set=
ac_cv_env_build_alias_value=
ac_cv_env_host_alias_set=
ac_cv_env_host_alias_value=
ac_cv_env_target_alias_set=
ac_cv_env_target_alias_value=
ac_cv_host=x86_64-pc-linux-gnu
ac_cv_objext=o
ac_cv_path_install='/usr/bin/install -c'
ac_cv_path_mkdir=/usr/bin/mkdir
ac_cv_prog_AWK=gawk
ac_cv_prog_ac_ct_CC=gcc
ac_cv_prog_cc_c89=
ac_cv_prog_cc_g=yes
ac_cv_prog_make_make_set=yes
ac_cv_target=x86_64-pc-linux-gnu
am_cv_CC_dependencies_compiler_type=gcc3
am_cv_make_support_nested_variables=yes
am_cv_prog_cc_c_o=yes

## ----------------- ##
## Output variables. ##
## ----------------- ##

ACLOCAL='${SHELL} /home/gustavo/eclipse-workspace/CRC/missing aclocal-1.16'
AMDEPBACKSLASH='\'
AMDEP_FALSE='#'
AMDEP_TRUE=''
AMTAR='$${TAR-tar}'
AM_BACKSLASH='\'
AM_DEFAULT_V='$(AM_DEFAULT_VERBOSITY)'
AM_DEFAULT_VERBOSITY='1'
AM_V='$(V)'
AUTOCONF='${SHELL} /home/gustavo/eclipse-workspace/CRC/missing autoconf'
AUTOHEADER='${SHELL} /home/gustavo/eclipse-workspace/CRC/missing autoheader'
AUTOMAKE='${SHELL} /home/gustavo/eclipse-workspace/CRC/missing automake-1.16'
AWK='gawk'
CC='gcc'
CCDEPMODE='depmode=gcc3'
CFLAGS='-g -O2'
CPPFLAGS=''
CYGPATH_W='echo'
DEFS='-DPACKAGE_NAME=\"CRC\" -DPACKAGE_TARNAME=\"crc\" -DPACKAGE_VERSION=\"1.0\" -DPACKAGE_STRING=\"CRC\ 1.0\" -DPACKAGE_BUGREPORT=\"\" -DPACKAGE_URL=\"\" -DPACKAGE=\"crc\" -DVERSION=\"1.0\"'
DEPDIR='.deps'
ECHO_C=''
ECHO_N='-n'
ECHO_T=''
EXEEXT=''
INSTALL_DATA='${INSTALL} -m 644'
INSTALL_PROGRAM='${INSTALL}'
INSTALL_SCRIPT='${INSTALL}'
INSTALL_STRIP_PROGRAM='$(install_sh) -c -s'
LDFLAGS=''
LIBOBJS=''
LIBS=''
LTLIBOBJS=''
MAKEINFO='${SHELL} /home/gustavo/eclipse-workspace/CRC/missing makeinfo'
MKDIR_P='/usr/bin/mkdir -p'
OBJEXT='o'
PACKAGE='crc'
PACKAGE_BUGREPORT=''
PACKAGE_NAME='CRC'
PACKAGE_STRING='CRC 1.0'
PACKAGE_TARNAME='crc'
PACKAGE_URL=''
PACKAGE_VERSION='1.0'
PATH_SEPARATOR=':'
SET_MAKE=''
SHELL='/bin/bash'
STRIP=''
VERSION='1.0'
ac_ct_CC='gcc'
am__EXEEXT_FALSE=''
am__EXEEXT_TRUE='#'
am__fastdepCC_FALSE='#'
am__fastdepCC_TRUE=''
am__include='include'
am__isrc=''
am__leading_dot='.'
am__nodep='_no'
am__quote=''
am__tar='$${TAR-tar} chof - "$$tardir"'
am__untar='$${TAR-tar} xf -'
bindir='${exec_prefix}/bin'
build='x86_64-pc-linux-gnu'
build_alias=''
build_cpu='x86_64'
build_os='linux-gnu'
build_vendor='pc'
datadir='${datarootdir}'
datarootdir='${prefix}/share'
docdir='${datarootdir}/doc/${PACKAGE_TARNAME}'
dvidir='${docdir}'
exec_prefix='${prefix}'
host='x86_64-pc-linux-gnu'
host_alias=''
host_cpu='x86_64'
host_os='linux-gnu'
host_vendor='pc'
htmldir='${docdir}'
includedir='${prefix}/include'
infodir='${datarootdir}/info'
install_sh='${SHELL} /home/gustavo/eclipse-workspace/CRC/install-sh'
libdir='${exec_prefix}/lib'
libexecdir='${exec_prefix}/libexec'
localedir='${datarootdir}/locale'
localstatedir='${prefix}/var'
mandir='${datarootdir}/man'
mkdir_p='$(MKDIR_P)'
oldincludedir='/usr/include'
pdfdir='${docdir}'
prefix='/usr/local'
program_transform_name='s,x,x,'
psdir='${docdir}'
runstatedir='${localstatedir}/run'
sbindir='${exec_prefix}/sbin'
sharedstatedir='${prefix}/com'
sysconfdir='${prefix}/etc'
target='x86_64-pc-linux-gnu'
target_alias=''
target_cpu='x86_64'
target_os='linux-gnu'
target_vendor='pc'

## ----------- ##
## confdefs.h. ##
## ----------- ##

/* confdefs.h */
#define PACKAGE_NAME "CRC"
#define PACKAGE_TARNAME "crc"
#define PACKAGE_VERSION "1.0"
#define PACKAGE_STRING "CRC 1.0"
#define PACKAGE_BUGREPORT ""
#define PACKAGE_URL ""
#define PACKAGE "crc"
#define VERSION "1.0"

configure: exit 0
